<?xml version="1.0" encoding="UTF-8"?>
<!-- Generated by org.testng.reporters.JUnitReportReporter -->
<testsuite hostname="LAPTOP-EEAS1CV9" failures="0" tests="1" name="TestScript.CreateCustomerAndProjectTest" time="3.865" errors="0" timestamp="07 Jun 2024 01:33:12 GMT" skipped="0">
  <testcase classname="TestScript.CreateCustomerAndProjectTest" name="createCustomerAndProject" time="3.865"/>
</testsuite> <!-- TestScript.CreateCustomerAndProjectTest -->
