<?xml version="1.0" encoding="UTF-8"?>
<!-- Generated by org.testng.reporters.JUnitReportReporter -->
<testsuite hostname="LAPTOP-EEAS1CV9" failures="0" tests="1" name="TestScript.ValidLogin" time="1.925" errors="0" timestamp="05 Jun 2024 00:45:49 GMT" skipped="0">
  <testcase classname="TestScript.ValidLogin" name="login" time="1.925"/>
</testsuite> <!-- TestScript.ValidLogin -->
