<?xml version="1.0" encoding="UTF-8"?>
<!-- Generated by org.testng.reporters.JUnitReportReporter -->
<testsuite hostname="LAPTOP-EEAS1CV9" failures="0" tests="1" name="TestScript.CreateUserTest" time="2.773" errors="0" timestamp="11 Jun 2024 00:40:55 GMT" skipped="0">
  <testcase classname="TestScript.CreateUserTest" name="toCreateUser" time="2.773"/>
</testsuite> <!-- TestScript.CreateUserTest -->
