<?xml version="1.0" encoding="UTF-8"?>
<!-- Generated by org.testng.reporters.JUnitReportReporter -->
<testsuite hostname="LAPTOP-EEAS1CV9" failures="0" tests="1" name="TestScript.CreateUserTest" time="3.378" errors="0" timestamp="07 Jun 2024 00:52:23 GMT" skipped="0">
  <testcase classname="TestScript.CreateUserTest" name="toCreateUser" time="3.378"/>
</testsuite> <!-- TestScript.CreateUserTest -->
