<?xml version="1.0" encoding="UTF-8"?>
<!-- Generated by org.testng.reporters.JUnitReportReporter -->
<testsuite hostname="LAPTOP-EEAS1CV9" failures="0" tests="1" name="TestScript.InvalidLoginTest" time="4.362" errors="0" timestamp="07 Jun 2024 01:05:54 GMT" skipped="0">
  <testcase classname="TestScript.InvalidLoginTest" name="invalidLogin" time="4.362"/>
</testsuite> <!-- TestScript.InvalidLoginTest -->
